> Total time: 12.325000 s
--------------------------------------------------------------------------------------
| FILE                : FUNCTION                    : LINE   : TIME   : %     : #    |
--------------------------------------------------------------------------------------
| c:/Code/Lua/ants/ant: onTick                      :    86  : 0.9570 : 7.8   :    9 |
| c:/Code/Lua/ants/ant: samplePheromones            :    47  : 0.9140 : 7.4   : 9000 |
| c:/Code/Lua/ants/qua: query                       :    52  : 0.4550 : 3.7   : 45900|
| c:/Code/Lua/ants/qua: intersects                  :    48  : 0.1420 : 1.2   : 45900|
| c:/Code/Lua/ants/ant: onDraw                      :   146  : 0.0070 : 0.1   :    8 |
| ...ools/LifeBoatAPI\: sendCommand                 :    38  : 0.0060 : 0.0   :   56 |
| ...eBoatAPI/Tools/Li: _readSimulatorMessages      :   239  : 0.0050 : 0.0   :    9 |
| ...eBoatAPI\Tools\Si: setColor                    :   111  : 0.0050 : 0.0   :   16 |
| c:/Code/Lua/ants/qua: insert                      :    13  : 0.0050 : 0.0   :  115 |
| ...eBoatAPI\Tools\Si: _setColorBase               :    55  : 0.0040 : 0.0   :   16 |
| ...eBoatAPI/Tools/Li: _sendInOuts                 :   370  : 0.0030 : 0.0   :    8 |
| ...ools/LifeBoatAPI\: readMessage                 :    59  : 0.0030 : 0.0   :   15 |
| ...ools/LifeBoatAPI\: sendBytes                   :    90  : 0.0030 : 0.0   :   56 |
| ...eBoatAPI\Tools\Si: AreNumbersNan               :    14  : 0.0030 : 0.0   :   24 |
| ...eBoatAPI/Tools/Li: setInputNumber              :   150  : 0.0020 : 0.0   :  108 |
| ...API\Tools\Simulat: _ensureNotRendering         :    26  : 0.0020 : 0.0   :  144 |
| c:/Code/Lua/ants/_bu: onSimulate                  :    15  : 0.0020 : 0.0   :    9 |
| ...API\Tools\Simulat: getNumber                   :    49  : 0.0020 : 0.0   :  108 |
| ...ools/LifeBoatAPI\: readBytes                   :    71  : 0.0020 : 0.0   :   30 |
| ...eBoatAPI\Tools\Si: SelectNumber                :    23  : 0.0020 : 0.0   :  112 |
| ...eBoatAPI\Tools\Si: drawTextBox                 :   287  : 0.0020 : 0.0   :    8 |
| c:/Code/Lua/ants/qua: split                       :    34  : 0.0010 : 0.0   :   14 |
| c:/Code/Lua/ants/qua: QuadTree                    :     1  : 0.0010 : 0.0   :   65 |
| ...ifeBoatAPI/Tools/: split                       :    76  : 0.0010 : 0.0   :   15 |
--------------------------------------------------------------------------------------
| ...PI/Tools/LifeBoat: onSimulate                  :    83  : ~      : ~     :    9 |
| c:/Code/Lua/ants/qua: Anon                        :     0  : ~      : ~     :    1 |
| ...eBoatAPI/Tools/Li: setInputBool                :   136  : ~      : ~     :   36 |
| ...eBoatAPI/Tools/Li: getTouchScreen              :   114  : ~      : ~     :    9 |
| c:/Code/Lua/ants/pro: report                      :   233  : ~      : ~     :    1 |
| c:/Code/Lua/ants/qua: contains                    :    44  : ~      : ~     :  115 |
| c:/Code/Lua/ants/ant: updatePheromones            :    34  : ~      : ~     :    9 |
| ...LifeBoatAPI/Tools: add                         :    68  : ~      : ~     :   35 |
| ...eBoatAPI/Tools/Li: _giveControlToMainLoop      :   291  : ~      : ~     :    1 |
| ...eBoatAPI/Tools/Li: handler                     :    71  : ~      : ~     :    3 |
| ...eBoatAPI\Tools\Si: drawClear                   :   118  : ~      : ~     :    8 |
| ...eBoatAPI/Tools/Li: handler                     :    51  : ~      : ~     :    1 |
| ...eBoatAPI\Tools\Si: _ensureIsRendering          :    41  : ~      : ~     :   32 |
| ...eBoatAPI\Tools\Si: _getSimulatorScreenIndex    :    51  : ~      : ~     :   16 |
| ...ls/LifeBoatAPI\To: v                           :    58  : ~      : ~     :    9 |
| ...eBoatAPI\Tools\Si: correctColor                :    77  : ~      : ~     :   48 |
| ...ls/LifeBoatAPI\To: v                           :    66  : ~      : ~     :    9 |
| ...eBoatAPI/Tools/Li: handler                     :    83  : ~      : ~     :    2 |
| ...ools/LifeBoatAPI\: hasMessage                  :    54  : ~      : ~     :   24 |
| c:/Code/Lua/ants/pro: stop                        :   225  : ~      : ~     :    1 |
| ...ls/LifeBoatAPI\To: v                           :    82  : ~      : ~     :    9 |
| ...ls/LifeBoatAPI\To: v                           :    48  : ~      : ~     :    9 |
| ...ls/LifeBoatAPI\To: v                           :    74  : ~      : ~     :    9 |
| ...API\Tools\Simulat: getBool                     :    34  : ~      : ~     :   36 |
--------------------------------------------------------------------------------------
